<?xml version="1.0" encoding="UTF-8"?>
<!-- Generated by org.testng.reporters.JUnitReportReporter -->
<testsuite hostname="DESKTOP-CODLMV7" failures="0" tests="1" name="com.testclasses.HomePageTest" time="5.556" errors="0" timestamp="2023-10-22T08:00:09 IST" skipped="0">
  <testcase classname="com.testclasses.HomePageTest" name="PimTest" time="5.556"/>
  <system-out/>
</testsuite> <!-- com.testclasses.HomePageTest -->
