<?xml version="1.0" encoding="UTF-8"?>
<!-- Generated by org.testng.reporters.JUnitReportReporter -->
<testsuite hostname="DESKTOP-CODLMV7" failures="0" tests="7" name="com.testclasses.DemoTests" time="0.046" errors="0" timestamp="2023-10-25T07:58:35 IST" skipped="1">
  <testcase classname="com.testclasses.DemoTests" name="test2" time="0.022"/>
  <system-out/>
  <testcase classname="com.testclasses.DemoTests" name="test4" time="0.005"/>
  <system-out/>
  <testcase classname="com.testclasses.DemoTests" name="test3" time="0.004"/>
  <system-out/>
  <testcase classname="com.testclasses.DemoTests" name="test" time="0.002"/>
  <system-out/>
  <testcase classname="com.testclasses.DemoTests" name="test" time="0.006"/>
  <system-out/>
  <testcase classname="com.testclasses.DemoTests" name="test" time="0.007"/>
  <system-out/>
  <testcase classname="com.testclasses.DemoTests" name="test1">
    <skipped/>
  </testcase> <!-- test1 -->
  <system-out/>
</testsuite> <!-- com.testclasses.DemoTests -->
