<?xml version="1.0" encoding="UTF-8"?>
<!-- Generated by org.testng.reporters.JUnitReportReporter -->
<testsuite hostname="DESKTOP-CODLMV7" failures="0" tests="5" name="com.testclasses.LoginTest" time="-1698631296.000" errors="1" timestamp="2023-10-30T07:31:35 IST" skipped="0">
  <testcase classname="com.testclasses.LoginTest" name="loginTest" time="5.991"/>
  <system-out/>
  <testcase classname="com.testclasses.LoginTest" name="loginTest" time="6.710"/>
  <system-out/>
  <testcase classname="com.testclasses.LoginTest" name="loginTest" time="6.037"/>
  <system-out/>
  <testcase classname="com.testclasses.LoginTest" name="loginTest" time="6.338"/>
  <system-out/>
  <testcase classname="com.testclasses.LoginTest" name="tearDown" time="-1698631296.000">
    <error message="
Can inject only one of &lt;ITestContext, XmlTest&gt; into a @AfterClass annotated tearDown.
For more information on native dependency injection please refer to https://testng.org/doc/documentation-main.html#native-dependency-injection" type="org.testng.TestNGException">
      <![CDATA[org.testng.TestNGException: 
Can inject only one of <ITestContext, XmlTest> into a @AfterClass annotated tearDown.
For more information on native dependency injection please refer to https://testng.org/doc/documentation-main.html#native-dependency-injection
at org.testng.internal.Parameters.checkParameterTypes(Parameters.java:436)
at org.testng.internal.Parameters.createParametersForMethod(Parameters.java:350)
at org.testng.internal.Parameters.createParameters(Parameters.java:693)
at org.testng.internal.Parameters.createConfigurationParameters(Parameters.java:166)
at org.testng.internal.invokers.ConfigInvoker.invokeConfigurations(ConfigInvoker.java:277)
at org.testng.internal.invokers.TestMethodWorker.invokeAfterClassMethods(TestMethodWorker.java:222)
at org.testng.internal.invokers.TestMethodWorker.run(TestMethodWorker.java:131)
at java.base/java.util.concurrent.ThreadPoolExecutor.runWorker(ThreadPoolExecutor.java:1128)
at java.base/java.util.concurrent.ThreadPoolExecutor$Worker.run(ThreadPoolExecutor.java:628)
at java.base/java.lang.Thread.run(Thread.java:834)
]]>
    </error>
  </testcase> <!-- tearDown -->
  <system-out/>
</testsuite> <!-- com.testclasses.LoginTest -->
